[2023-04-27 16:54:54,352] {taskinstance.py:1032} INFO - Dependencies all met for <TaskInstance: data_ingestion_gcs_dag.format_to_parquet_task scheduled__2023-04-26T00:00:00+00:00 [queued]>
[2023-04-27 16:54:54,365] {taskinstance.py:1032} INFO - Dependencies all met for <TaskInstance: data_ingestion_gcs_dag.format_to_parquet_task scheduled__2023-04-26T00:00:00+00:00 [queued]>
[2023-04-27 16:54:54,365] {taskinstance.py:1238} INFO - 
--------------------------------------------------------------------------------
[2023-04-27 16:54:54,365] {taskinstance.py:1239} INFO - Starting attempt 1 of 2
[2023-04-27 16:54:54,365] {taskinstance.py:1240} INFO - 
--------------------------------------------------------------------------------
[2023-04-27 16:54:54,379] {taskinstance.py:1259} INFO - Executing <Task(PythonOperator): format_to_parquet_task> on 2023-04-26 00:00:00+00:00
[2023-04-27 16:54:54,385] {standard_task_runner.py:52} INFO - Started process 468 to run task
[2023-04-27 16:54:54,391] {standard_task_runner.py:76} INFO - Running: ['***', 'tasks', 'run', 'data_ingestion_gcs_dag', 'format_to_parquet_task', 'scheduled__2023-04-26T00:00:00+00:00', '--job-id', '6', '--raw', '--subdir', 'DAGS_FOLDER/data_ingestion_gcs_dag.py', '--cfg-path', '/tmp/tmpo0zdfeo_', '--error-file', '/tmp/tmpt2eggyxe']
[2023-04-27 16:54:54,393] {standard_task_runner.py:77} INFO - Job 6: Subtask format_to_parquet_task
[2023-04-27 16:54:54,464] {logging_mixin.py:109} INFO - Running <TaskInstance: data_ingestion_gcs_dag.format_to_parquet_task scheduled__2023-04-26T00:00:00+00:00 [running]> on host f7992dd234af
[2023-04-27 16:54:54,534] {taskinstance.py:1426} INFO - Exporting the following env vars:
AIRFLOW_CTX_DAG_OWNER=***
AIRFLOW_CTX_DAG_ID=data_ingestion_gcs_dag
AIRFLOW_CTX_TASK_ID=format_to_parquet_task
AIRFLOW_CTX_EXECUTION_DATE=2023-04-26T00:00:00+00:00
AIRFLOW_CTX_DAG_RUN_ID=scheduled__2023-04-26T00:00:00+00:00
[2023-04-27 16:54:54,704] {python.py:175} INFO - Done. Returned value was: None
[2023-04-27 16:54:54,723] {taskinstance.py:1277} INFO - Marking task as SUCCESS. dag_id=data_ingestion_gcs_dag, task_id=format_to_parquet_task, execution_date=20230426T000000, start_date=20230427T165454, end_date=20230427T165454
[2023-04-27 16:54:54,766] {local_task_job.py:154} INFO - Task exited with return code 0
[2023-04-27 16:54:54,808] {local_task_job.py:264} INFO - 1 downstream tasks scheduled from follow-on schedule check
