[2023-04-27 17:00:02,837] {taskinstance.py:1032} INFO - Dependencies all met for <TaskInstance: data_ingestion_gcs_dag.format_to_parquet_task manual__2023-04-27T16:54:47.942205+00:00 [queued]>
[2023-04-27 17:00:02,850] {taskinstance.py:1032} INFO - Dependencies all met for <TaskInstance: data_ingestion_gcs_dag.format_to_parquet_task manual__2023-04-27T16:54:47.942205+00:00 [queued]>
[2023-04-27 17:00:02,851] {taskinstance.py:1238} INFO - 
--------------------------------------------------------------------------------
[2023-04-27 17:00:02,851] {taskinstance.py:1239} INFO - Starting attempt 1 of 2
[2023-04-27 17:00:02,851] {taskinstance.py:1240} INFO - 
--------------------------------------------------------------------------------
[2023-04-27 17:00:02,866] {taskinstance.py:1259} INFO - Executing <Task(PythonOperator): format_to_parquet_task> on 2023-04-27 16:54:47.942205+00:00
[2023-04-27 17:00:02,873] {standard_task_runner.py:52} INFO - Started process 693 to run task
[2023-04-27 17:00:02,878] {standard_task_runner.py:76} INFO - Running: ['***', 'tasks', 'run', 'data_ingestion_gcs_dag', 'format_to_parquet_task', 'manual__2023-04-27T16:54:47.942205+00:00', '--job-id', '10', '--raw', '--subdir', 'DAGS_FOLDER/data_ingestion_gcs_dag.py', '--cfg-path', '/tmp/tmpssdd49ua', '--error-file', '/tmp/tmp9knmo5ao']
[2023-04-27 17:00:02,880] {standard_task_runner.py:77} INFO - Job 10: Subtask format_to_parquet_task
[2023-04-27 17:00:02,945] {logging_mixin.py:109} INFO - Running <TaskInstance: data_ingestion_gcs_dag.format_to_parquet_task manual__2023-04-27T16:54:47.942205+00:00 [running]> on host f7992dd234af
[2023-04-27 17:00:03,013] {taskinstance.py:1426} INFO - Exporting the following env vars:
AIRFLOW_CTX_DAG_OWNER=***
AIRFLOW_CTX_DAG_ID=data_ingestion_gcs_dag
AIRFLOW_CTX_TASK_ID=format_to_parquet_task
AIRFLOW_CTX_EXECUTION_DATE=2023-04-27T16:54:47.942205+00:00
AIRFLOW_CTX_DAG_RUN_ID=manual__2023-04-27T16:54:47.942205+00:00
[2023-04-27 17:00:03,141] {python.py:175} INFO - Done. Returned value was: None
[2023-04-27 17:00:03,167] {taskinstance.py:1277} INFO - Marking task as SUCCESS. dag_id=data_ingestion_gcs_dag, task_id=format_to_parquet_task, execution_date=20230427T165447, start_date=20230427T170002, end_date=20230427T170003
[2023-04-27 17:00:03,212] {local_task_job.py:154} INFO - Task exited with return code 0
[2023-04-27 17:00:03,263] {local_task_job.py:264} INFO - 1 downstream tasks scheduled from follow-on schedule check
