[2023-04-27 16:27:37,571] {processor.py:163} INFO - Started process (PID=39) to work on /opt/airflow/dags/data_ingestion_gcs_dag.py
[2023-04-27 16:27:37,573] {processor.py:642} INFO - Processing file /opt/airflow/dags/data_ingestion_gcs_dag.py for tasks to queue
[2023-04-27 16:27:37,574] {logging_mixin.py:109} INFO - [2023-04-27 16:27:37,573] {dagbag.py:500} INFO - Filling up the DagBag from /opt/airflow/dags/data_ingestion_gcs_dag.py
[2023-04-27 16:27:40,289] {processor.py:654} INFO - DAG(s) dict_keys(['data_ingestion_gcs_dag']) retrieved from /opt/airflow/dags/data_ingestion_gcs_dag.py
[2023-04-27 16:27:43,740] {logging_mixin.py:109} INFO - [2023-04-27 16:27:43,740] {manager.py:496} INFO - Created Permission View: can read on DAG:data_ingestion_gcs_dag
[2023-04-27 16:27:43,752] {logging_mixin.py:109} INFO - [2023-04-27 16:27:43,752] {manager.py:496} INFO - Created Permission View: can edit on DAG:data_ingestion_gcs_dag
[2023-04-27 16:27:43,752] {logging_mixin.py:109} INFO - [2023-04-27 16:27:43,752] {dag.py:2396} INFO - Sync 1 DAGs
[2023-04-27 16:27:43,760] {logging_mixin.py:109} INFO - [2023-04-27 16:27:43,760] {dag.py:2415} INFO - Creating ORM DAG for data_ingestion_gcs_dag
[2023-04-27 16:27:43,770] {logging_mixin.py:109} INFO - [2023-04-27 16:27:43,770] {dag.py:2935} INFO - Setting next_dagrun for data_ingestion_gcs_dag to 2023-04-26 00:00:00+00:00
[2023-04-27 16:27:43,784] {processor.py:171} INFO - Processing /opt/airflow/dags/data_ingestion_gcs_dag.py took 6.220 seconds
[2023-04-27 16:28:13,862] {processor.py:163} INFO - Started process (PID=75) to work on /opt/airflow/dags/data_ingestion_gcs_dag.py
[2023-04-27 16:28:13,868] {processor.py:642} INFO - Processing file /opt/airflow/dags/data_ingestion_gcs_dag.py for tasks to queue
[2023-04-27 16:28:13,869] {logging_mixin.py:109} INFO - [2023-04-27 16:28:13,869] {dagbag.py:500} INFO - Filling up the DagBag from /opt/airflow/dags/data_ingestion_gcs_dag.py
[2023-04-27 16:28:14,756] {processor.py:654} INFO - DAG(s) dict_keys(['data_ingestion_gcs_dag']) retrieved from /opt/airflow/dags/data_ingestion_gcs_dag.py
[2023-04-27 16:28:14,769] {logging_mixin.py:109} INFO - [2023-04-27 16:28:14,768] {dag.py:2396} INFO - Sync 1 DAGs
[2023-04-27 16:28:14,798] {logging_mixin.py:109} INFO - [2023-04-27 16:28:14,798] {dag.py:2935} INFO - Setting next_dagrun for data_ingestion_gcs_dag to 2023-04-26 00:00:00+00:00
[2023-04-27 16:28:14,810] {processor.py:171} INFO - Processing /opt/airflow/dags/data_ingestion_gcs_dag.py took 0.951 seconds
[2023-04-27 16:28:44,883] {processor.py:163} INFO - Started process (PID=102) to work on /opt/airflow/dags/data_ingestion_gcs_dag.py
[2023-04-27 16:28:44,889] {processor.py:642} INFO - Processing file /opt/airflow/dags/data_ingestion_gcs_dag.py for tasks to queue
[2023-04-27 16:28:44,889] {logging_mixin.py:109} INFO - [2023-04-27 16:28:44,889] {dagbag.py:500} INFO - Filling up the DagBag from /opt/airflow/dags/data_ingestion_gcs_dag.py
[2023-04-27 16:28:45,786] {processor.py:654} INFO - DAG(s) dict_keys(['data_ingestion_gcs_dag']) retrieved from /opt/airflow/dags/data_ingestion_gcs_dag.py
[2023-04-27 16:28:45,796] {logging_mixin.py:109} INFO - [2023-04-27 16:28:45,796] {dag.py:2396} INFO - Sync 1 DAGs
[2023-04-27 16:28:45,815] {logging_mixin.py:109} INFO - [2023-04-27 16:28:45,815] {dag.py:2935} INFO - Setting next_dagrun for data_ingestion_gcs_dag to 2023-04-26 00:00:00+00:00
[2023-04-27 16:28:45,826] {processor.py:171} INFO - Processing /opt/airflow/dags/data_ingestion_gcs_dag.py took 0.947 seconds
[2023-04-27 16:29:15,931] {processor.py:163} INFO - Started process (PID=139) to work on /opt/airflow/dags/data_ingestion_gcs_dag.py
[2023-04-27 16:29:15,933] {processor.py:642} INFO - Processing file /opt/airflow/dags/data_ingestion_gcs_dag.py for tasks to queue
[2023-04-27 16:29:15,934] {logging_mixin.py:109} INFO - [2023-04-27 16:29:15,933] {dagbag.py:500} INFO - Filling up the DagBag from /opt/airflow/dags/data_ingestion_gcs_dag.py
[2023-04-27 16:29:16,830] {processor.py:654} INFO - DAG(s) dict_keys(['data_ingestion_gcs_dag']) retrieved from /opt/airflow/dags/data_ingestion_gcs_dag.py
[2023-04-27 16:29:16,838] {logging_mixin.py:109} INFO - [2023-04-27 16:29:16,838] {dag.py:2396} INFO - Sync 1 DAGs
[2023-04-27 16:29:16,857] {logging_mixin.py:109} INFO - [2023-04-27 16:29:16,857] {dag.py:2935} INFO - Setting next_dagrun for data_ingestion_gcs_dag to 2023-04-26 00:00:00+00:00
[2023-04-27 16:29:16,867] {processor.py:171} INFO - Processing /opt/airflow/dags/data_ingestion_gcs_dag.py took 0.940 seconds
[2023-04-27 16:29:46,970] {processor.py:163} INFO - Started process (PID=166) to work on /opt/airflow/dags/data_ingestion_gcs_dag.py
[2023-04-27 16:29:46,976] {processor.py:642} INFO - Processing file /opt/airflow/dags/data_ingestion_gcs_dag.py for tasks to queue
[2023-04-27 16:29:46,976] {logging_mixin.py:109} INFO - [2023-04-27 16:29:46,976] {dagbag.py:500} INFO - Filling up the DagBag from /opt/airflow/dags/data_ingestion_gcs_dag.py
[2023-04-27 16:29:47,811] {processor.py:654} INFO - DAG(s) dict_keys(['data_ingestion_gcs_dag']) retrieved from /opt/airflow/dags/data_ingestion_gcs_dag.py
[2023-04-27 16:29:47,820] {logging_mixin.py:109} INFO - [2023-04-27 16:29:47,819] {dag.py:2396} INFO - Sync 1 DAGs
[2023-04-27 16:29:47,838] {logging_mixin.py:109} INFO - [2023-04-27 16:29:47,838] {dag.py:2935} INFO - Setting next_dagrun for data_ingestion_gcs_dag to 2023-04-26 00:00:00+00:00
[2023-04-27 16:29:47,847] {processor.py:171} INFO - Processing /opt/airflow/dags/data_ingestion_gcs_dag.py took 0.881 seconds
[2023-04-27 16:30:17,943] {processor.py:163} INFO - Started process (PID=193) to work on /opt/airflow/dags/data_ingestion_gcs_dag.py
[2023-04-27 16:30:17,945] {processor.py:642} INFO - Processing file /opt/airflow/dags/data_ingestion_gcs_dag.py for tasks to queue
[2023-04-27 16:30:17,946] {logging_mixin.py:109} INFO - [2023-04-27 16:30:17,946] {dagbag.py:500} INFO - Filling up the DagBag from /opt/airflow/dags/data_ingestion_gcs_dag.py
[2023-04-27 16:30:18,815] {processor.py:654} INFO - DAG(s) dict_keys(['data_ingestion_gcs_dag']) retrieved from /opt/airflow/dags/data_ingestion_gcs_dag.py
[2023-04-27 16:30:18,824] {logging_mixin.py:109} INFO - [2023-04-27 16:30:18,823] {dag.py:2396} INFO - Sync 1 DAGs
[2023-04-27 16:30:18,842] {logging_mixin.py:109} INFO - [2023-04-27 16:30:18,842] {dag.py:2935} INFO - Setting next_dagrun for data_ingestion_gcs_dag to 2023-04-26 00:00:00+00:00
[2023-04-27 16:30:18,852] {processor.py:171} INFO - Processing /opt/airflow/dags/data_ingestion_gcs_dag.py took 0.914 seconds
[2023-04-27 16:30:48,943] {processor.py:163} INFO - Started process (PID=229) to work on /opt/airflow/dags/data_ingestion_gcs_dag.py
[2023-04-27 16:30:48,949] {processor.py:642} INFO - Processing file /opt/airflow/dags/data_ingestion_gcs_dag.py for tasks to queue
[2023-04-27 16:30:48,950] {logging_mixin.py:109} INFO - [2023-04-27 16:30:48,950] {dagbag.py:500} INFO - Filling up the DagBag from /opt/airflow/dags/data_ingestion_gcs_dag.py
[2023-04-27 16:30:49,794] {processor.py:654} INFO - DAG(s) dict_keys(['data_ingestion_gcs_dag']) retrieved from /opt/airflow/dags/data_ingestion_gcs_dag.py
[2023-04-27 16:30:49,805] {logging_mixin.py:109} INFO - [2023-04-27 16:30:49,805] {dag.py:2396} INFO - Sync 1 DAGs
[2023-04-27 16:30:49,823] {logging_mixin.py:109} INFO - [2023-04-27 16:30:49,823] {dag.py:2935} INFO - Setting next_dagrun for data_ingestion_gcs_dag to 2023-04-26 00:00:00+00:00
[2023-04-27 16:30:49,833] {processor.py:171} INFO - Processing /opt/airflow/dags/data_ingestion_gcs_dag.py took 0.894 seconds
[2023-04-27 16:31:19,911] {processor.py:163} INFO - Started process (PID=256) to work on /opt/airflow/dags/data_ingestion_gcs_dag.py
[2023-04-27 16:31:19,913] {processor.py:642} INFO - Processing file /opt/airflow/dags/data_ingestion_gcs_dag.py for tasks to queue
[2023-04-27 16:31:19,914] {logging_mixin.py:109} INFO - [2023-04-27 16:31:19,914] {dagbag.py:500} INFO - Filling up the DagBag from /opt/airflow/dags/data_ingestion_gcs_dag.py
[2023-04-27 16:31:20,764] {processor.py:654} INFO - DAG(s) dict_keys(['data_ingestion_gcs_dag']) retrieved from /opt/airflow/dags/data_ingestion_gcs_dag.py
[2023-04-27 16:31:20,775] {logging_mixin.py:109} INFO - [2023-04-27 16:31:20,775] {dag.py:2396} INFO - Sync 1 DAGs
[2023-04-27 16:31:20,792] {logging_mixin.py:109} INFO - [2023-04-27 16:31:20,792] {dag.py:2935} INFO - Setting next_dagrun for data_ingestion_gcs_dag to 2023-04-26 00:00:00+00:00
[2023-04-27 16:31:20,802] {processor.py:171} INFO - Processing /opt/airflow/dags/data_ingestion_gcs_dag.py took 0.895 seconds
[2023-04-27 16:31:50,878] {processor.py:163} INFO - Started process (PID=292) to work on /opt/airflow/dags/data_ingestion_gcs_dag.py
[2023-04-27 16:31:50,880] {processor.py:642} INFO - Processing file /opt/airflow/dags/data_ingestion_gcs_dag.py for tasks to queue
[2023-04-27 16:31:50,881] {logging_mixin.py:109} INFO - [2023-04-27 16:31:50,881] {dagbag.py:500} INFO - Filling up the DagBag from /opt/airflow/dags/data_ingestion_gcs_dag.py
[2023-04-27 16:31:51,737] {processor.py:654} INFO - DAG(s) dict_keys(['data_ingestion_gcs_dag']) retrieved from /opt/airflow/dags/data_ingestion_gcs_dag.py
[2023-04-27 16:31:51,746] {logging_mixin.py:109} INFO - [2023-04-27 16:31:51,746] {dag.py:2396} INFO - Sync 1 DAGs
[2023-04-27 16:31:51,763] {logging_mixin.py:109} INFO - [2023-04-27 16:31:51,763] {dag.py:2935} INFO - Setting next_dagrun for data_ingestion_gcs_dag to 2023-04-26 00:00:00+00:00
[2023-04-27 16:31:51,773] {processor.py:171} INFO - Processing /opt/airflow/dags/data_ingestion_gcs_dag.py took 0.900 seconds
[2023-04-27 16:32:21,851] {processor.py:163} INFO - Started process (PID=319) to work on /opt/airflow/dags/data_ingestion_gcs_dag.py
[2023-04-27 16:32:21,854] {processor.py:642} INFO - Processing file /opt/airflow/dags/data_ingestion_gcs_dag.py for tasks to queue
[2023-04-27 16:32:21,854] {logging_mixin.py:109} INFO - [2023-04-27 16:32:21,854] {dagbag.py:500} INFO - Filling up the DagBag from /opt/airflow/dags/data_ingestion_gcs_dag.py
[2023-04-27 16:32:22,722] {processor.py:654} INFO - DAG(s) dict_keys(['data_ingestion_gcs_dag']) retrieved from /opt/airflow/dags/data_ingestion_gcs_dag.py
[2023-04-27 16:32:22,732] {logging_mixin.py:109} INFO - [2023-04-27 16:32:22,732] {dag.py:2396} INFO - Sync 1 DAGs
[2023-04-27 16:32:22,749] {logging_mixin.py:109} INFO - [2023-04-27 16:32:22,749] {dag.py:2935} INFO - Setting next_dagrun for data_ingestion_gcs_dag to 2023-04-26 00:00:00+00:00
[2023-04-27 16:32:22,758] {processor.py:171} INFO - Processing /opt/airflow/dags/data_ingestion_gcs_dag.py took 0.911 seconds
[2023-04-27 16:32:52,842] {processor.py:163} INFO - Started process (PID=355) to work on /opt/airflow/dags/data_ingestion_gcs_dag.py
[2023-04-27 16:32:52,845] {processor.py:642} INFO - Processing file /opt/airflow/dags/data_ingestion_gcs_dag.py for tasks to queue
[2023-04-27 16:32:52,846] {logging_mixin.py:109} INFO - [2023-04-27 16:32:52,845] {dagbag.py:500} INFO - Filling up the DagBag from /opt/airflow/dags/data_ingestion_gcs_dag.py
[2023-04-27 16:32:53,739] {processor.py:654} INFO - DAG(s) dict_keys(['data_ingestion_gcs_dag']) retrieved from /opt/airflow/dags/data_ingestion_gcs_dag.py
[2023-04-27 16:32:53,749] {logging_mixin.py:109} INFO - [2023-04-27 16:32:53,748] {dag.py:2396} INFO - Sync 1 DAGs
[2023-04-27 16:32:53,771] {logging_mixin.py:109} INFO - [2023-04-27 16:32:53,770] {dag.py:2935} INFO - Setting next_dagrun for data_ingestion_gcs_dag to 2023-04-26 00:00:00+00:00
[2023-04-27 16:32:53,783] {processor.py:171} INFO - Processing /opt/airflow/dags/data_ingestion_gcs_dag.py took 0.946 seconds
[2023-04-27 16:33:23,858] {processor.py:163} INFO - Started process (PID=383) to work on /opt/airflow/dags/data_ingestion_gcs_dag.py
[2023-04-27 16:33:23,860] {processor.py:642} INFO - Processing file /opt/airflow/dags/data_ingestion_gcs_dag.py for tasks to queue
[2023-04-27 16:33:23,861] {logging_mixin.py:109} INFO - [2023-04-27 16:33:23,861] {dagbag.py:500} INFO - Filling up the DagBag from /opt/airflow/dags/data_ingestion_gcs_dag.py
[2023-04-27 16:33:24,702] {processor.py:654} INFO - DAG(s) dict_keys(['data_ingestion_gcs_dag']) retrieved from /opt/airflow/dags/data_ingestion_gcs_dag.py
[2023-04-27 16:33:24,711] {logging_mixin.py:109} INFO - [2023-04-27 16:33:24,710] {dag.py:2396} INFO - Sync 1 DAGs
[2023-04-27 16:33:24,727] {logging_mixin.py:109} INFO - [2023-04-27 16:33:24,727] {dag.py:2935} INFO - Setting next_dagrun for data_ingestion_gcs_dag to 2023-04-26 00:00:00+00:00
[2023-04-27 16:33:24,737] {processor.py:171} INFO - Processing /opt/airflow/dags/data_ingestion_gcs_dag.py took 0.884 seconds
[2023-04-27 16:33:54,813] {processor.py:163} INFO - Started process (PID=419) to work on /opt/airflow/dags/data_ingestion_gcs_dag.py
[2023-04-27 16:33:54,822] {processor.py:642} INFO - Processing file /opt/airflow/dags/data_ingestion_gcs_dag.py for tasks to queue
[2023-04-27 16:33:54,823] {logging_mixin.py:109} INFO - [2023-04-27 16:33:54,823] {dagbag.py:500} INFO - Filling up the DagBag from /opt/airflow/dags/data_ingestion_gcs_dag.py
[2023-04-27 16:33:55,705] {processor.py:654} INFO - DAG(s) dict_keys(['data_ingestion_gcs_dag']) retrieved from /opt/airflow/dags/data_ingestion_gcs_dag.py
[2023-04-27 16:33:55,714] {logging_mixin.py:109} INFO - [2023-04-27 16:33:55,714] {dag.py:2396} INFO - Sync 1 DAGs
[2023-04-27 16:33:55,732] {logging_mixin.py:109} INFO - [2023-04-27 16:33:55,731] {dag.py:2935} INFO - Setting next_dagrun for data_ingestion_gcs_dag to 2023-04-26 00:00:00+00:00
[2023-04-27 16:33:55,741] {processor.py:171} INFO - Processing /opt/airflow/dags/data_ingestion_gcs_dag.py took 0.933 seconds
[2023-04-27 16:34:25,806] {processor.py:163} INFO - Started process (PID=446) to work on /opt/airflow/dags/data_ingestion_gcs_dag.py
[2023-04-27 16:34:25,808] {processor.py:642} INFO - Processing file /opt/airflow/dags/data_ingestion_gcs_dag.py for tasks to queue
[2023-04-27 16:34:25,809] {logging_mixin.py:109} INFO - [2023-04-27 16:34:25,809] {dagbag.py:500} INFO - Filling up the DagBag from /opt/airflow/dags/data_ingestion_gcs_dag.py
[2023-04-27 16:34:26,664] {processor.py:654} INFO - DAG(s) dict_keys(['data_ingestion_gcs_dag']) retrieved from /opt/airflow/dags/data_ingestion_gcs_dag.py
[2023-04-27 16:34:26,674] {logging_mixin.py:109} INFO - [2023-04-27 16:34:26,673] {dag.py:2396} INFO - Sync 1 DAGs
[2023-04-27 16:34:26,698] {logging_mixin.py:109} INFO - [2023-04-27 16:34:26,698] {dag.py:2935} INFO - Setting next_dagrun for data_ingestion_gcs_dag to 2023-04-26 00:00:00+00:00
[2023-04-27 16:34:26,709] {processor.py:171} INFO - Processing /opt/airflow/dags/data_ingestion_gcs_dag.py took 0.909 seconds
[2023-04-27 16:34:56,812] {processor.py:163} INFO - Started process (PID=482) to work on /opt/airflow/dags/data_ingestion_gcs_dag.py
[2023-04-27 16:34:56,814] {processor.py:642} INFO - Processing file /opt/airflow/dags/data_ingestion_gcs_dag.py for tasks to queue
[2023-04-27 16:34:56,815] {logging_mixin.py:109} INFO - [2023-04-27 16:34:56,815] {dagbag.py:500} INFO - Filling up the DagBag from /opt/airflow/dags/data_ingestion_gcs_dag.py
[2023-04-27 16:34:57,697] {processor.py:654} INFO - DAG(s) dict_keys(['data_ingestion_gcs_dag']) retrieved from /opt/airflow/dags/data_ingestion_gcs_dag.py
[2023-04-27 16:34:57,706] {logging_mixin.py:109} INFO - [2023-04-27 16:34:57,705] {dag.py:2396} INFO - Sync 1 DAGs
[2023-04-27 16:34:57,722] {logging_mixin.py:109} INFO - [2023-04-27 16:34:57,722] {dag.py:2935} INFO - Setting next_dagrun for data_ingestion_gcs_dag to 2023-04-26 00:00:00+00:00
[2023-04-27 16:34:57,732] {processor.py:171} INFO - Processing /opt/airflow/dags/data_ingestion_gcs_dag.py took 0.924 seconds
[2023-04-27 16:35:27,831] {processor.py:163} INFO - Started process (PID=509) to work on /opt/airflow/dags/data_ingestion_gcs_dag.py
[2023-04-27 16:35:27,833] {processor.py:642} INFO - Processing file /opt/airflow/dags/data_ingestion_gcs_dag.py for tasks to queue
[2023-04-27 16:35:27,834] {logging_mixin.py:109} INFO - [2023-04-27 16:35:27,834] {dagbag.py:500} INFO - Filling up the DagBag from /opt/airflow/dags/data_ingestion_gcs_dag.py
[2023-04-27 16:35:28,718] {processor.py:654} INFO - DAG(s) dict_keys(['data_ingestion_gcs_dag']) retrieved from /opt/airflow/dags/data_ingestion_gcs_dag.py
[2023-04-27 16:35:28,727] {logging_mixin.py:109} INFO - [2023-04-27 16:35:28,727] {dag.py:2396} INFO - Sync 1 DAGs
[2023-04-27 16:35:28,744] {logging_mixin.py:109} INFO - [2023-04-27 16:35:28,744] {dag.py:2935} INFO - Setting next_dagrun for data_ingestion_gcs_dag to 2023-04-26 00:00:00+00:00
[2023-04-27 16:35:28,754] {processor.py:171} INFO - Processing /opt/airflow/dags/data_ingestion_gcs_dag.py took 0.928 seconds
[2023-04-27 16:35:58,852] {processor.py:163} INFO - Started process (PID=536) to work on /opt/airflow/dags/data_ingestion_gcs_dag.py
[2023-04-27 16:35:58,855] {processor.py:642} INFO - Processing file /opt/airflow/dags/data_ingestion_gcs_dag.py for tasks to queue
[2023-04-27 16:35:58,856] {logging_mixin.py:109} INFO - [2023-04-27 16:35:58,856] {dagbag.py:500} INFO - Filling up the DagBag from /opt/airflow/dags/data_ingestion_gcs_dag.py
[2023-04-27 16:35:59,755] {processor.py:654} INFO - DAG(s) dict_keys(['data_ingestion_gcs_dag']) retrieved from /opt/airflow/dags/data_ingestion_gcs_dag.py
[2023-04-27 16:35:59,764] {logging_mixin.py:109} INFO - [2023-04-27 16:35:59,764] {dag.py:2396} INFO - Sync 1 DAGs
[2023-04-27 16:35:59,782] {logging_mixin.py:109} INFO - [2023-04-27 16:35:59,782] {dag.py:2935} INFO - Setting next_dagrun for data_ingestion_gcs_dag to 2023-04-26 00:00:00+00:00
[2023-04-27 16:35:59,792] {processor.py:171} INFO - Processing /opt/airflow/dags/data_ingestion_gcs_dag.py took 0.945 seconds
[2023-04-27 16:36:29,888] {processor.py:163} INFO - Started process (PID=573) to work on /opt/airflow/dags/data_ingestion_gcs_dag.py
[2023-04-27 16:36:29,891] {processor.py:642} INFO - Processing file /opt/airflow/dags/data_ingestion_gcs_dag.py for tasks to queue
[2023-04-27 16:36:29,891] {logging_mixin.py:109} INFO - [2023-04-27 16:36:29,891] {dagbag.py:500} INFO - Filling up the DagBag from /opt/airflow/dags/data_ingestion_gcs_dag.py
[2023-04-27 16:36:30,786] {processor.py:654} INFO - DAG(s) dict_keys(['data_ingestion_gcs_dag']) retrieved from /opt/airflow/dags/data_ingestion_gcs_dag.py
[2023-04-27 16:36:30,795] {logging_mixin.py:109} INFO - [2023-04-27 16:36:30,795] {dag.py:2396} INFO - Sync 1 DAGs
[2023-04-27 16:36:30,812] {logging_mixin.py:109} INFO - [2023-04-27 16:36:30,812] {dag.py:2935} INFO - Setting next_dagrun for data_ingestion_gcs_dag to 2023-04-26 00:00:00+00:00
[2023-04-27 16:36:30,822] {processor.py:171} INFO - Processing /opt/airflow/dags/data_ingestion_gcs_dag.py took 0.938 seconds
[2023-04-27 16:37:00,902] {processor.py:163} INFO - Started process (PID=600) to work on /opt/airflow/dags/data_ingestion_gcs_dag.py
[2023-04-27 16:37:00,905] {processor.py:642} INFO - Processing file /opt/airflow/dags/data_ingestion_gcs_dag.py for tasks to queue
[2023-04-27 16:37:00,905] {logging_mixin.py:109} INFO - [2023-04-27 16:37:00,905] {dagbag.py:500} INFO - Filling up the DagBag from /opt/airflow/dags/data_ingestion_gcs_dag.py
[2023-04-27 16:37:01,746] {processor.py:654} INFO - DAG(s) dict_keys(['data_ingestion_gcs_dag']) retrieved from /opt/airflow/dags/data_ingestion_gcs_dag.py
[2023-04-27 16:37:01,756] {logging_mixin.py:109} INFO - [2023-04-27 16:37:01,755] {dag.py:2396} INFO - Sync 1 DAGs
[2023-04-27 16:37:01,773] {logging_mixin.py:109} INFO - [2023-04-27 16:37:01,773] {dag.py:2935} INFO - Setting next_dagrun for data_ingestion_gcs_dag to 2023-04-26 00:00:00+00:00
[2023-04-27 16:37:01,783] {processor.py:171} INFO - Processing /opt/airflow/dags/data_ingestion_gcs_dag.py took 0.885 seconds
[2023-04-27 16:37:31,858] {processor.py:163} INFO - Started process (PID=637) to work on /opt/airflow/dags/data_ingestion_gcs_dag.py
[2023-04-27 16:37:31,860] {processor.py:642} INFO - Processing file /opt/airflow/dags/data_ingestion_gcs_dag.py for tasks to queue
[2023-04-27 16:37:31,861] {logging_mixin.py:109} INFO - [2023-04-27 16:37:31,861] {dagbag.py:500} INFO - Filling up the DagBag from /opt/airflow/dags/data_ingestion_gcs_dag.py
[2023-04-27 16:37:32,741] {processor.py:654} INFO - DAG(s) dict_keys(['data_ingestion_gcs_dag']) retrieved from /opt/airflow/dags/data_ingestion_gcs_dag.py
[2023-04-27 16:37:32,750] {logging_mixin.py:109} INFO - [2023-04-27 16:37:32,750] {dag.py:2396} INFO - Sync 1 DAGs
[2023-04-27 16:37:32,767] {logging_mixin.py:109} INFO - [2023-04-27 16:37:32,767] {dag.py:2935} INFO - Setting next_dagrun for data_ingestion_gcs_dag to 2023-04-26 00:00:00+00:00
[2023-04-27 16:37:32,777] {processor.py:171} INFO - Processing /opt/airflow/dags/data_ingestion_gcs_dag.py took 0.924 seconds
[2023-04-27 16:38:02,864] {processor.py:163} INFO - Started process (PID=664) to work on /opt/airflow/dags/data_ingestion_gcs_dag.py
[2023-04-27 16:38:02,867] {processor.py:642} INFO - Processing file /opt/airflow/dags/data_ingestion_gcs_dag.py for tasks to queue
[2023-04-27 16:38:02,867] {logging_mixin.py:109} INFO - [2023-04-27 16:38:02,867] {dagbag.py:500} INFO - Filling up the DagBag from /opt/airflow/dags/data_ingestion_gcs_dag.py
[2023-04-27 16:38:03,709] {processor.py:654} INFO - DAG(s) dict_keys(['data_ingestion_gcs_dag']) retrieved from /opt/airflow/dags/data_ingestion_gcs_dag.py
[2023-04-27 16:38:03,719] {logging_mixin.py:109} INFO - [2023-04-27 16:38:03,718] {dag.py:2396} INFO - Sync 1 DAGs
[2023-04-27 16:38:03,735] {logging_mixin.py:109} INFO - [2023-04-27 16:38:03,735] {dag.py:2935} INFO - Setting next_dagrun for data_ingestion_gcs_dag to 2023-04-26 00:00:00+00:00
[2023-04-27 16:38:03,745] {processor.py:171} INFO - Processing /opt/airflow/dags/data_ingestion_gcs_dag.py took 0.885 seconds
[2023-04-27 16:38:33,822] {processor.py:163} INFO - Started process (PID=700) to work on /opt/airflow/dags/data_ingestion_gcs_dag.py
[2023-04-27 16:38:33,828] {processor.py:642} INFO - Processing file /opt/airflow/dags/data_ingestion_gcs_dag.py for tasks to queue
[2023-04-27 16:38:33,829] {logging_mixin.py:109} INFO - [2023-04-27 16:38:33,829] {dagbag.py:500} INFO - Filling up the DagBag from /opt/airflow/dags/data_ingestion_gcs_dag.py
[2023-04-27 16:38:34,709] {processor.py:654} INFO - DAG(s) dict_keys(['data_ingestion_gcs_dag']) retrieved from /opt/airflow/dags/data_ingestion_gcs_dag.py
[2023-04-27 16:38:34,718] {logging_mixin.py:109} INFO - [2023-04-27 16:38:34,717] {dag.py:2396} INFO - Sync 1 DAGs
[2023-04-27 16:38:34,734] {logging_mixin.py:109} INFO - [2023-04-27 16:38:34,734] {dag.py:2935} INFO - Setting next_dagrun for data_ingestion_gcs_dag to 2023-04-26 00:00:00+00:00
[2023-04-27 16:38:34,744] {processor.py:171} INFO - Processing /opt/airflow/dags/data_ingestion_gcs_dag.py took 0.927 seconds
[2023-04-27 16:39:04,821] {processor.py:163} INFO - Started process (PID=727) to work on /opt/airflow/dags/data_ingestion_gcs_dag.py
[2023-04-27 16:39:04,823] {processor.py:642} INFO - Processing file /opt/airflow/dags/data_ingestion_gcs_dag.py for tasks to queue
[2023-04-27 16:39:04,824] {logging_mixin.py:109} INFO - [2023-04-27 16:39:04,824] {dagbag.py:500} INFO - Filling up the DagBag from /opt/airflow/dags/data_ingestion_gcs_dag.py
[2023-04-27 16:39:05,685] {processor.py:654} INFO - DAG(s) dict_keys(['data_ingestion_gcs_dag']) retrieved from /opt/airflow/dags/data_ingestion_gcs_dag.py
[2023-04-27 16:39:05,694] {logging_mixin.py:109} INFO - [2023-04-27 16:39:05,694] {dag.py:2396} INFO - Sync 1 DAGs
[2023-04-27 16:39:05,711] {logging_mixin.py:109} INFO - [2023-04-27 16:39:05,711] {dag.py:2935} INFO - Setting next_dagrun for data_ingestion_gcs_dag to 2023-04-26 00:00:00+00:00
[2023-04-27 16:39:05,721] {processor.py:171} INFO - Processing /opt/airflow/dags/data_ingestion_gcs_dag.py took 0.905 seconds
[2023-04-27 16:39:35,797] {processor.py:163} INFO - Started process (PID=763) to work on /opt/airflow/dags/data_ingestion_gcs_dag.py
[2023-04-27 16:39:35,799] {processor.py:642} INFO - Processing file /opt/airflow/dags/data_ingestion_gcs_dag.py for tasks to queue
[2023-04-27 16:39:35,800] {logging_mixin.py:109} INFO - [2023-04-27 16:39:35,800] {dagbag.py:500} INFO - Filling up the DagBag from /opt/airflow/dags/data_ingestion_gcs_dag.py
[2023-04-27 16:39:36,697] {processor.py:654} INFO - DAG(s) dict_keys(['data_ingestion_gcs_dag']) retrieved from /opt/airflow/dags/data_ingestion_gcs_dag.py
[2023-04-27 16:39:36,705] {logging_mixin.py:109} INFO - [2023-04-27 16:39:36,705] {dag.py:2396} INFO - Sync 1 DAGs
[2023-04-27 16:39:36,722] {logging_mixin.py:109} INFO - [2023-04-27 16:39:36,722] {dag.py:2935} INFO - Setting next_dagrun for data_ingestion_gcs_dag to 2023-04-26 00:00:00+00:00
[2023-04-27 16:39:36,731] {processor.py:171} INFO - Processing /opt/airflow/dags/data_ingestion_gcs_dag.py took 0.939 seconds
[2023-04-27 16:40:06,765] {processor.py:163} INFO - Started process (PID=791) to work on /opt/airflow/dags/data_ingestion_gcs_dag.py
[2023-04-27 16:40:06,769] {processor.py:642} INFO - Processing file /opt/airflow/dags/data_ingestion_gcs_dag.py for tasks to queue
[2023-04-27 16:40:06,770] {logging_mixin.py:109} INFO - [2023-04-27 16:40:06,770] {dagbag.py:500} INFO - Filling up the DagBag from /opt/airflow/dags/data_ingestion_gcs_dag.py
[2023-04-27 16:40:07,642] {processor.py:654} INFO - DAG(s) dict_keys(['data_ingestion_gcs_dag']) retrieved from /opt/airflow/dags/data_ingestion_gcs_dag.py
[2023-04-27 16:40:07,652] {logging_mixin.py:109} INFO - [2023-04-27 16:40:07,652] {dag.py:2396} INFO - Sync 1 DAGs
[2023-04-27 16:40:07,670] {logging_mixin.py:109} INFO - [2023-04-27 16:40:07,670] {dag.py:2935} INFO - Setting next_dagrun for data_ingestion_gcs_dag to 2023-04-26 00:00:00+00:00
[2023-04-27 16:40:07,681] {processor.py:171} INFO - Processing /opt/airflow/dags/data_ingestion_gcs_dag.py took 0.920 seconds
[2023-04-27 16:40:37,783] {processor.py:163} INFO - Started process (PID=827) to work on /opt/airflow/dags/data_ingestion_gcs_dag.py
[2023-04-27 16:40:37,785] {processor.py:642} INFO - Processing file /opt/airflow/dags/data_ingestion_gcs_dag.py for tasks to queue
[2023-04-27 16:40:37,786] {logging_mixin.py:109} INFO - [2023-04-27 16:40:37,786] {dagbag.py:500} INFO - Filling up the DagBag from /opt/airflow/dags/data_ingestion_gcs_dag.py
[2023-04-27 16:40:38,665] {processor.py:654} INFO - DAG(s) dict_keys(['data_ingestion_gcs_dag']) retrieved from /opt/airflow/dags/data_ingestion_gcs_dag.py
[2023-04-27 16:40:38,674] {logging_mixin.py:109} INFO - [2023-04-27 16:40:38,673] {dag.py:2396} INFO - Sync 1 DAGs
[2023-04-27 16:40:38,691] {logging_mixin.py:109} INFO - [2023-04-27 16:40:38,691] {dag.py:2935} INFO - Setting next_dagrun for data_ingestion_gcs_dag to 2023-04-26 00:00:00+00:00
[2023-04-27 16:40:38,703] {processor.py:171} INFO - Processing /opt/airflow/dags/data_ingestion_gcs_dag.py took 0.925 seconds
[2023-04-27 16:41:08,807] {processor.py:163} INFO - Started process (PID=854) to work on /opt/airflow/dags/data_ingestion_gcs_dag.py
[2023-04-27 16:41:08,809] {processor.py:642} INFO - Processing file /opt/airflow/dags/data_ingestion_gcs_dag.py for tasks to queue
[2023-04-27 16:41:08,810] {logging_mixin.py:109} INFO - [2023-04-27 16:41:08,810] {dagbag.py:500} INFO - Filling up the DagBag from /opt/airflow/dags/data_ingestion_gcs_dag.py
[2023-04-27 16:41:09,686] {processor.py:654} INFO - DAG(s) dict_keys(['data_ingestion_gcs_dag']) retrieved from /opt/airflow/dags/data_ingestion_gcs_dag.py
[2023-04-27 16:41:09,696] {logging_mixin.py:109} INFO - [2023-04-27 16:41:09,696] {dag.py:2396} INFO - Sync 1 DAGs
[2023-04-27 16:41:09,714] {logging_mixin.py:109} INFO - [2023-04-27 16:41:09,714] {dag.py:2935} INFO - Setting next_dagrun for data_ingestion_gcs_dag to 2023-04-26 00:00:00+00:00
[2023-04-27 16:41:09,724] {processor.py:171} INFO - Processing /opt/airflow/dags/data_ingestion_gcs_dag.py took 0.922 seconds
[2023-04-27 16:41:39,818] {processor.py:163} INFO - Started process (PID=890) to work on /opt/airflow/dags/data_ingestion_gcs_dag.py
[2023-04-27 16:41:39,820] {processor.py:642} INFO - Processing file /opt/airflow/dags/data_ingestion_gcs_dag.py for tasks to queue
[2023-04-27 16:41:39,821] {logging_mixin.py:109} INFO - [2023-04-27 16:41:39,821] {dagbag.py:500} INFO - Filling up the DagBag from /opt/airflow/dags/data_ingestion_gcs_dag.py
[2023-04-27 16:41:40,701] {processor.py:654} INFO - DAG(s) dict_keys(['data_ingestion_gcs_dag']) retrieved from /opt/airflow/dags/data_ingestion_gcs_dag.py
[2023-04-27 16:41:40,711] {logging_mixin.py:109} INFO - [2023-04-27 16:41:40,710] {dag.py:2396} INFO - Sync 1 DAGs
[2023-04-27 16:41:40,728] {logging_mixin.py:109} INFO - [2023-04-27 16:41:40,727] {dag.py:2935} INFO - Setting next_dagrun for data_ingestion_gcs_dag to 2023-04-26 00:00:00+00:00
[2023-04-27 16:41:40,737] {processor.py:171} INFO - Processing /opt/airflow/dags/data_ingestion_gcs_dag.py took 0.924 seconds
[2023-04-27 16:42:10,813] {processor.py:163} INFO - Started process (PID=917) to work on /opt/airflow/dags/data_ingestion_gcs_dag.py
[2023-04-27 16:42:10,815] {processor.py:642} INFO - Processing file /opt/airflow/dags/data_ingestion_gcs_dag.py for tasks to queue
[2023-04-27 16:42:10,816] {logging_mixin.py:109} INFO - [2023-04-27 16:42:10,816] {dagbag.py:500} INFO - Filling up the DagBag from /opt/airflow/dags/data_ingestion_gcs_dag.py
[2023-04-27 16:42:11,669] {processor.py:654} INFO - DAG(s) dict_keys(['data_ingestion_gcs_dag']) retrieved from /opt/airflow/dags/data_ingestion_gcs_dag.py
[2023-04-27 16:42:11,678] {logging_mixin.py:109} INFO - [2023-04-27 16:42:11,678] {dag.py:2396} INFO - Sync 1 DAGs
[2023-04-27 16:42:11,695] {logging_mixin.py:109} INFO - [2023-04-27 16:42:11,695] {dag.py:2935} INFO - Setting next_dagrun for data_ingestion_gcs_dag to 2023-04-26 00:00:00+00:00
[2023-04-27 16:42:11,705] {processor.py:171} INFO - Processing /opt/airflow/dags/data_ingestion_gcs_dag.py took 0.897 seconds
[2023-04-27 16:42:41,783] {processor.py:163} INFO - Started process (PID=944) to work on /opt/airflow/dags/data_ingestion_gcs_dag.py
[2023-04-27 16:42:41,785] {processor.py:642} INFO - Processing file /opt/airflow/dags/data_ingestion_gcs_dag.py for tasks to queue
[2023-04-27 16:42:41,786] {logging_mixin.py:109} INFO - [2023-04-27 16:42:41,786] {dagbag.py:500} INFO - Filling up the DagBag from /opt/airflow/dags/data_ingestion_gcs_dag.py
[2023-04-27 16:42:42,640] {processor.py:654} INFO - DAG(s) dict_keys(['data_ingestion_gcs_dag']) retrieved from /opt/airflow/dags/data_ingestion_gcs_dag.py
[2023-04-27 16:42:42,651] {logging_mixin.py:109} INFO - [2023-04-27 16:42:42,650] {dag.py:2396} INFO - Sync 1 DAGs
[2023-04-27 16:42:42,669] {logging_mixin.py:109} INFO - [2023-04-27 16:42:42,669] {dag.py:2935} INFO - Setting next_dagrun for data_ingestion_gcs_dag to 2023-04-26 00:00:00+00:00
[2023-04-27 16:42:42,681] {processor.py:171} INFO - Processing /opt/airflow/dags/data_ingestion_gcs_dag.py took 0.903 seconds
[2023-04-27 16:45:12,594] {processor.py:163} INFO - Started process (PID=38) to work on /opt/airflow/dags/data_ingestion_gcs_dag.py
[2023-04-27 16:45:12,611] {processor.py:642} INFO - Processing file /opt/airflow/dags/data_ingestion_gcs_dag.py for tasks to queue
[2023-04-27 16:45:12,612] {logging_mixin.py:109} INFO - [2023-04-27 16:45:12,611] {dagbag.py:500} INFO - Filling up the DagBag from /opt/airflow/dags/data_ingestion_gcs_dag.py
[2023-04-27 16:45:14,498] {processor.py:654} INFO - DAG(s) dict_keys(['data_ingestion_gcs_dag']) retrieved from /opt/airflow/dags/data_ingestion_gcs_dag.py
[2023-04-27 16:45:14,507] {logging_mixin.py:109} INFO - [2023-04-27 16:45:14,507] {dag.py:2396} INFO - Sync 1 DAGs
[2023-04-27 16:45:14,528] {logging_mixin.py:109} INFO - [2023-04-27 16:45:14,528] {dag.py:2935} INFO - Setting next_dagrun for data_ingestion_gcs_dag to 2023-04-26 00:00:00+00:00
[2023-04-27 16:45:14,540] {processor.py:171} INFO - Processing /opt/airflow/dags/data_ingestion_gcs_dag.py took 1.951 seconds
[2023-04-27 16:45:44,646] {processor.py:163} INFO - Started process (PID=65) to work on /opt/airflow/dags/data_ingestion_gcs_dag.py
[2023-04-27 16:45:44,651] {processor.py:642} INFO - Processing file /opt/airflow/dags/data_ingestion_gcs_dag.py for tasks to queue
[2023-04-27 16:45:44,652] {logging_mixin.py:109} INFO - [2023-04-27 16:45:44,652] {dagbag.py:500} INFO - Filling up the DagBag from /opt/airflow/dags/data_ingestion_gcs_dag.py
[2023-04-27 16:45:45,558] {processor.py:654} INFO - DAG(s) dict_keys(['data_ingestion_gcs_dag']) retrieved from /opt/airflow/dags/data_ingestion_gcs_dag.py
[2023-04-27 16:45:45,567] {logging_mixin.py:109} INFO - [2023-04-27 16:45:45,566] {dag.py:2396} INFO - Sync 1 DAGs
[2023-04-27 16:45:45,585] {logging_mixin.py:109} INFO - [2023-04-27 16:45:45,585] {dag.py:2935} INFO - Setting next_dagrun for data_ingestion_gcs_dag to 2023-04-26 00:00:00+00:00
[2023-04-27 16:45:45,595] {processor.py:171} INFO - Processing /opt/airflow/dags/data_ingestion_gcs_dag.py took 0.953 seconds
[2023-04-27 16:46:15,695] {processor.py:163} INFO - Started process (PID=101) to work on /opt/airflow/dags/data_ingestion_gcs_dag.py
[2023-04-27 16:46:15,697] {processor.py:642} INFO - Processing file /opt/airflow/dags/data_ingestion_gcs_dag.py for tasks to queue
[2023-04-27 16:46:15,698] {logging_mixin.py:109} INFO - [2023-04-27 16:46:15,697] {dagbag.py:500} INFO - Filling up the DagBag from /opt/airflow/dags/data_ingestion_gcs_dag.py
[2023-04-27 16:46:16,629] {processor.py:654} INFO - DAG(s) dict_keys(['data_ingestion_gcs_dag']) retrieved from /opt/airflow/dags/data_ingestion_gcs_dag.py
[2023-04-27 16:46:16,638] {logging_mixin.py:109} INFO - [2023-04-27 16:46:16,638] {dag.py:2396} INFO - Sync 1 DAGs
[2023-04-27 16:46:16,657] {logging_mixin.py:109} INFO - [2023-04-27 16:46:16,657] {dag.py:2935} INFO - Setting next_dagrun for data_ingestion_gcs_dag to 2023-04-26 00:00:00+00:00
[2023-04-27 16:46:16,667] {processor.py:171} INFO - Processing /opt/airflow/dags/data_ingestion_gcs_dag.py took 0.977 seconds
[2023-04-27 16:46:46,767] {processor.py:163} INFO - Started process (PID=128) to work on /opt/airflow/dags/data_ingestion_gcs_dag.py
[2023-04-27 16:46:46,769] {processor.py:642} INFO - Processing file /opt/airflow/dags/data_ingestion_gcs_dag.py for tasks to queue
[2023-04-27 16:46:46,770] {logging_mixin.py:109} INFO - [2023-04-27 16:46:46,770] {dagbag.py:500} INFO - Filling up the DagBag from /opt/airflow/dags/data_ingestion_gcs_dag.py
[2023-04-27 16:46:47,677] {processor.py:654} INFO - DAG(s) dict_keys(['data_ingestion_gcs_dag']) retrieved from /opt/airflow/dags/data_ingestion_gcs_dag.py
[2023-04-27 16:46:47,686] {logging_mixin.py:109} INFO - [2023-04-27 16:46:47,686] {dag.py:2396} INFO - Sync 1 DAGs
[2023-04-27 16:46:47,705] {logging_mixin.py:109} INFO - [2023-04-27 16:46:47,705] {dag.py:2935} INFO - Setting next_dagrun for data_ingestion_gcs_dag to 2023-04-26 00:00:00+00:00
[2023-04-27 16:46:47,715] {processor.py:171} INFO - Processing /opt/airflow/dags/data_ingestion_gcs_dag.py took 0.952 seconds
[2023-04-27 16:47:17,812] {processor.py:163} INFO - Started process (PID=164) to work on /opt/airflow/dags/data_ingestion_gcs_dag.py
[2023-04-27 16:47:17,814] {processor.py:642} INFO - Processing file /opt/airflow/dags/data_ingestion_gcs_dag.py for tasks to queue
[2023-04-27 16:47:17,815] {logging_mixin.py:109} INFO - [2023-04-27 16:47:17,815] {dagbag.py:500} INFO - Filling up the DagBag from /opt/airflow/dags/data_ingestion_gcs_dag.py
[2023-04-27 16:47:18,719] {processor.py:654} INFO - DAG(s) dict_keys(['data_ingestion_gcs_dag']) retrieved from /opt/airflow/dags/data_ingestion_gcs_dag.py
[2023-04-27 16:47:18,728] {logging_mixin.py:109} INFO - [2023-04-27 16:47:18,727] {dag.py:2396} INFO - Sync 1 DAGs
[2023-04-27 16:47:18,746] {logging_mixin.py:109} INFO - [2023-04-27 16:47:18,746] {dag.py:2935} INFO - Setting next_dagrun for data_ingestion_gcs_dag to 2023-04-26 00:00:00+00:00
[2023-04-27 16:47:18,757] {processor.py:171} INFO - Processing /opt/airflow/dags/data_ingestion_gcs_dag.py took 0.949 seconds
[2023-04-27 16:47:48,858] {processor.py:163} INFO - Started process (PID=191) to work on /opt/airflow/dags/data_ingestion_gcs_dag.py
[2023-04-27 16:47:48,861] {processor.py:642} INFO - Processing file /opt/airflow/dags/data_ingestion_gcs_dag.py for tasks to queue
[2023-04-27 16:47:48,862] {logging_mixin.py:109} INFO - [2023-04-27 16:47:48,861] {dagbag.py:500} INFO - Filling up the DagBag from /opt/airflow/dags/data_ingestion_gcs_dag.py
[2023-04-27 16:47:49,727] {processor.py:654} INFO - DAG(s) dict_keys(['data_ingestion_gcs_dag']) retrieved from /opt/airflow/dags/data_ingestion_gcs_dag.py
[2023-04-27 16:47:49,737] {logging_mixin.py:109} INFO - [2023-04-27 16:47:49,736] {dag.py:2396} INFO - Sync 1 DAGs
[2023-04-27 16:47:49,755] {logging_mixin.py:109} INFO - [2023-04-27 16:47:49,755] {dag.py:2935} INFO - Setting next_dagrun for data_ingestion_gcs_dag to 2023-04-26 00:00:00+00:00
[2023-04-27 16:47:49,764] {processor.py:171} INFO - Processing /opt/airflow/dags/data_ingestion_gcs_dag.py took 0.911 seconds
[2023-04-27 16:48:19,851] {processor.py:163} INFO - Started process (PID=218) to work on /opt/airflow/dags/data_ingestion_gcs_dag.py
[2023-04-27 16:48:19,854] {processor.py:642} INFO - Processing file /opt/airflow/dags/data_ingestion_gcs_dag.py for tasks to queue
[2023-04-27 16:48:19,854] {logging_mixin.py:109} INFO - [2023-04-27 16:48:19,854] {dagbag.py:500} INFO - Filling up the DagBag from /opt/airflow/dags/data_ingestion_gcs_dag.py
[2023-04-27 16:48:20,777] {processor.py:654} INFO - DAG(s) dict_keys(['data_ingestion_gcs_dag']) retrieved from /opt/airflow/dags/data_ingestion_gcs_dag.py
[2023-04-27 16:48:20,789] {logging_mixin.py:109} INFO - [2023-04-27 16:48:20,789] {dag.py:2396} INFO - Sync 1 DAGs
[2023-04-27 16:48:20,809] {logging_mixin.py:109} INFO - [2023-04-27 16:48:20,809] {dag.py:2935} INFO - Setting next_dagrun for data_ingestion_gcs_dag to 2023-04-26 00:00:00+00:00
[2023-04-27 16:48:20,822] {processor.py:171} INFO - Processing /opt/airflow/dags/data_ingestion_gcs_dag.py took 0.976 seconds
[2023-04-27 16:48:50,914] {processor.py:163} INFO - Started process (PID=254) to work on /opt/airflow/dags/data_ingestion_gcs_dag.py
[2023-04-27 16:48:50,917] {processor.py:642} INFO - Processing file /opt/airflow/dags/data_ingestion_gcs_dag.py for tasks to queue
[2023-04-27 16:48:50,917] {logging_mixin.py:109} INFO - [2023-04-27 16:48:50,917] {dagbag.py:500} INFO - Filling up the DagBag from /opt/airflow/dags/data_ingestion_gcs_dag.py
[2023-04-27 16:48:51,770] {processor.py:654} INFO - DAG(s) dict_keys(['data_ingestion_gcs_dag']) retrieved from /opt/airflow/dags/data_ingestion_gcs_dag.py
[2023-04-27 16:48:51,782] {logging_mixin.py:109} INFO - [2023-04-27 16:48:51,781] {dag.py:2396} INFO - Sync 1 DAGs
[2023-04-27 16:48:51,799] {logging_mixin.py:109} INFO - [2023-04-27 16:48:51,799] {dag.py:2935} INFO - Setting next_dagrun for data_ingestion_gcs_dag to 2023-04-26 00:00:00+00:00
[2023-04-27 16:48:51,810] {processor.py:171} INFO - Processing /opt/airflow/dags/data_ingestion_gcs_dag.py took 0.900 seconds
[2023-04-27 16:49:21,886] {processor.py:163} INFO - Started process (PID=280) to work on /opt/airflow/dags/data_ingestion_gcs_dag.py
[2023-04-27 16:49:21,888] {processor.py:642} INFO - Processing file /opt/airflow/dags/data_ingestion_gcs_dag.py for tasks to queue
[2023-04-27 16:49:21,889] {logging_mixin.py:109} INFO - [2023-04-27 16:49:21,889] {dagbag.py:500} INFO - Filling up the DagBag from /opt/airflow/dags/data_ingestion_gcs_dag.py
[2023-04-27 16:49:22,771] {processor.py:654} INFO - DAG(s) dict_keys(['data_ingestion_gcs_dag']) retrieved from /opt/airflow/dags/data_ingestion_gcs_dag.py
[2023-04-27 16:49:22,783] {logging_mixin.py:109} INFO - [2023-04-27 16:49:22,782] {dag.py:2396} INFO - Sync 1 DAGs
[2023-04-27 16:49:22,801] {logging_mixin.py:109} INFO - [2023-04-27 16:49:22,801] {dag.py:2935} INFO - Setting next_dagrun for data_ingestion_gcs_dag to 2023-04-26 00:00:00+00:00
[2023-04-27 16:49:22,812] {processor.py:171} INFO - Processing /opt/airflow/dags/data_ingestion_gcs_dag.py took 0.930 seconds
[2023-04-27 16:49:52,891] {processor.py:163} INFO - Started process (PID=317) to work on /opt/airflow/dags/data_ingestion_gcs_dag.py
[2023-04-27 16:49:52,894] {processor.py:642} INFO - Processing file /opt/airflow/dags/data_ingestion_gcs_dag.py for tasks to queue
[2023-04-27 16:49:52,895] {logging_mixin.py:109} INFO - [2023-04-27 16:49:52,895] {dagbag.py:500} INFO - Filling up the DagBag from /opt/airflow/dags/data_ingestion_gcs_dag.py
[2023-04-27 16:49:53,766] {processor.py:654} INFO - DAG(s) dict_keys(['data_ingestion_gcs_dag']) retrieved from /opt/airflow/dags/data_ingestion_gcs_dag.py
[2023-04-27 16:49:53,775] {logging_mixin.py:109} INFO - [2023-04-27 16:49:53,775] {dag.py:2396} INFO - Sync 1 DAGs
[2023-04-27 16:49:53,792] {logging_mixin.py:109} INFO - [2023-04-27 16:49:53,792] {dag.py:2935} INFO - Setting next_dagrun for data_ingestion_gcs_dag to 2023-04-26 00:00:00+00:00
[2023-04-27 16:49:53,802] {processor.py:171} INFO - Processing /opt/airflow/dags/data_ingestion_gcs_dag.py took 0.916 seconds
[2023-04-27 16:50:23,890] {processor.py:163} INFO - Started process (PID=344) to work on /opt/airflow/dags/data_ingestion_gcs_dag.py
[2023-04-27 16:50:23,892] {processor.py:642} INFO - Processing file /opt/airflow/dags/data_ingestion_gcs_dag.py for tasks to queue
[2023-04-27 16:50:23,893] {logging_mixin.py:109} INFO - [2023-04-27 16:50:23,893] {dagbag.py:500} INFO - Filling up the DagBag from /opt/airflow/dags/data_ingestion_gcs_dag.py
[2023-04-27 16:50:24,769] {processor.py:654} INFO - DAG(s) dict_keys(['data_ingestion_gcs_dag']) retrieved from /opt/airflow/dags/data_ingestion_gcs_dag.py
[2023-04-27 16:50:24,778] {logging_mixin.py:109} INFO - [2023-04-27 16:50:24,778] {dag.py:2396} INFO - Sync 1 DAGs
[2023-04-27 16:50:24,795] {logging_mixin.py:109} INFO - [2023-04-27 16:50:24,795] {dag.py:2935} INFO - Setting next_dagrun for data_ingestion_gcs_dag to 2023-04-26 00:00:00+00:00
[2023-04-27 16:50:24,805] {processor.py:171} INFO - Processing /opt/airflow/dags/data_ingestion_gcs_dag.py took 0.919 seconds
[2023-04-27 16:50:54,882] {processor.py:163} INFO - Started process (PID=380) to work on /opt/airflow/dags/data_ingestion_gcs_dag.py
[2023-04-27 16:50:54,885] {processor.py:642} INFO - Processing file /opt/airflow/dags/data_ingestion_gcs_dag.py for tasks to queue
[2023-04-27 16:50:54,885] {logging_mixin.py:109} INFO - [2023-04-27 16:50:54,885] {dagbag.py:500} INFO - Filling up the DagBag from /opt/airflow/dags/data_ingestion_gcs_dag.py
[2023-04-27 16:50:55,765] {processor.py:654} INFO - DAG(s) dict_keys(['data_ingestion_gcs_dag']) retrieved from /opt/airflow/dags/data_ingestion_gcs_dag.py
[2023-04-27 16:50:55,774] {logging_mixin.py:109} INFO - [2023-04-27 16:50:55,774] {dag.py:2396} INFO - Sync 1 DAGs
[2023-04-27 16:50:55,791] {logging_mixin.py:109} INFO - [2023-04-27 16:50:55,791] {dag.py:2935} INFO - Setting next_dagrun for data_ingestion_gcs_dag to 2023-04-26 00:00:00+00:00
[2023-04-27 16:50:55,801] {processor.py:171} INFO - Processing /opt/airflow/dags/data_ingestion_gcs_dag.py took 0.923 seconds
[2023-04-27 16:51:25,874] {processor.py:163} INFO - Started process (PID=407) to work on /opt/airflow/dags/data_ingestion_gcs_dag.py
[2023-04-27 16:51:25,877] {processor.py:642} INFO - Processing file /opt/airflow/dags/data_ingestion_gcs_dag.py for tasks to queue
[2023-04-27 16:51:25,877] {logging_mixin.py:109} INFO - [2023-04-27 16:51:25,877] {dagbag.py:500} INFO - Filling up the DagBag from /opt/airflow/dags/data_ingestion_gcs_dag.py
[2023-04-27 16:51:26,738] {processor.py:654} INFO - DAG(s) dict_keys(['data_ingestion_gcs_dag']) retrieved from /opt/airflow/dags/data_ingestion_gcs_dag.py
[2023-04-27 16:51:26,747] {logging_mixin.py:109} INFO - [2023-04-27 16:51:26,747] {dag.py:2396} INFO - Sync 1 DAGs
[2023-04-27 16:51:26,764] {logging_mixin.py:109} INFO - [2023-04-27 16:51:26,764] {dag.py:2935} INFO - Setting next_dagrun for data_ingestion_gcs_dag to 2023-04-26 00:00:00+00:00
[2023-04-27 16:51:26,774] {processor.py:171} INFO - Processing /opt/airflow/dags/data_ingestion_gcs_dag.py took 0.904 seconds
[2023-04-27 16:51:56,845] {processor.py:163} INFO - Started process (PID=443) to work on /opt/airflow/dags/data_ingestion_gcs_dag.py
[2023-04-27 16:51:56,847] {processor.py:642} INFO - Processing file /opt/airflow/dags/data_ingestion_gcs_dag.py for tasks to queue
[2023-04-27 16:51:56,848] {logging_mixin.py:109} INFO - [2023-04-27 16:51:56,848] {dagbag.py:500} INFO - Filling up the DagBag from /opt/airflow/dags/data_ingestion_gcs_dag.py
[2023-04-27 16:51:57,719] {processor.py:654} INFO - DAG(s) dict_keys(['data_ingestion_gcs_dag']) retrieved from /opt/airflow/dags/data_ingestion_gcs_dag.py
[2023-04-27 16:51:57,728] {logging_mixin.py:109} INFO - [2023-04-27 16:51:57,727] {dag.py:2396} INFO - Sync 1 DAGs
[2023-04-27 16:51:57,744] {logging_mixin.py:109} INFO - [2023-04-27 16:51:57,744] {dag.py:2935} INFO - Setting next_dagrun for data_ingestion_gcs_dag to 2023-04-26 00:00:00+00:00
[2023-04-27 16:51:57,753] {processor.py:171} INFO - Processing /opt/airflow/dags/data_ingestion_gcs_dag.py took 0.913 seconds
[2023-04-27 16:52:27,818] {processor.py:163} INFO - Started process (PID=470) to work on /opt/airflow/dags/data_ingestion_gcs_dag.py
[2023-04-27 16:52:27,821] {processor.py:642} INFO - Processing file /opt/airflow/dags/data_ingestion_gcs_dag.py for tasks to queue
[2023-04-27 16:52:27,821] {logging_mixin.py:109} INFO - [2023-04-27 16:52:27,821] {dagbag.py:500} INFO - Filling up the DagBag from /opt/airflow/dags/data_ingestion_gcs_dag.py
[2023-04-27 16:52:28,706] {processor.py:654} INFO - DAG(s) dict_keys(['data_ingestion_gcs_dag']) retrieved from /opt/airflow/dags/data_ingestion_gcs_dag.py
[2023-04-27 16:52:28,716] {logging_mixin.py:109} INFO - [2023-04-27 16:52:28,715] {dag.py:2396} INFO - Sync 1 DAGs
[2023-04-27 16:52:28,733] {logging_mixin.py:109} INFO - [2023-04-27 16:52:28,733] {dag.py:2935} INFO - Setting next_dagrun for data_ingestion_gcs_dag to 2023-04-26 00:00:00+00:00
[2023-04-27 16:52:28,744] {processor.py:171} INFO - Processing /opt/airflow/dags/data_ingestion_gcs_dag.py took 0.930 seconds
[2023-04-27 16:52:58,846] {processor.py:163} INFO - Started process (PID=503) to work on /opt/airflow/dags/data_ingestion_gcs_dag.py
[2023-04-27 16:52:58,848] {processor.py:642} INFO - Processing file /opt/airflow/dags/data_ingestion_gcs_dag.py for tasks to queue
[2023-04-27 16:52:58,849] {logging_mixin.py:109} INFO - [2023-04-27 16:52:58,849] {dagbag.py:500} INFO - Filling up the DagBag from /opt/airflow/dags/data_ingestion_gcs_dag.py
[2023-04-27 16:52:59,753] {processor.py:654} INFO - DAG(s) dict_keys(['data_ingestion_gcs_dag']) retrieved from /opt/airflow/dags/data_ingestion_gcs_dag.py
[2023-04-27 16:52:59,762] {logging_mixin.py:109} INFO - [2023-04-27 16:52:59,762] {dag.py:2396} INFO - Sync 1 DAGs
[2023-04-27 16:52:59,779] {logging_mixin.py:109} INFO - [2023-04-27 16:52:59,779] {dag.py:2935} INFO - Setting next_dagrun for data_ingestion_gcs_dag to 2023-04-26 00:00:00+00:00
[2023-04-27 16:52:59,790] {processor.py:171} INFO - Processing /opt/airflow/dags/data_ingestion_gcs_dag.py took 0.949 seconds
[2023-04-27 16:53:29,895] {processor.py:163} INFO - Started process (PID=533) to work on /opt/airflow/dags/data_ingestion_gcs_dag.py
[2023-04-27 16:53:29,898] {processor.py:642} INFO - Processing file /opt/airflow/dags/data_ingestion_gcs_dag.py for tasks to queue
[2023-04-27 16:53:29,899] {logging_mixin.py:109} INFO - [2023-04-27 16:53:29,899] {dagbag.py:500} INFO - Filling up the DagBag from /opt/airflow/dags/data_ingestion_gcs_dag.py
[2023-04-27 16:53:30,757] {processor.py:654} INFO - DAG(s) dict_keys(['data_ingestion_gcs_dag']) retrieved from /opt/airflow/dags/data_ingestion_gcs_dag.py
[2023-04-27 16:53:30,766] {logging_mixin.py:109} INFO - [2023-04-27 16:53:30,766] {dag.py:2396} INFO - Sync 1 DAGs
[2023-04-27 16:53:30,783] {logging_mixin.py:109} INFO - [2023-04-27 16:53:30,783] {dag.py:2935} INFO - Setting next_dagrun for data_ingestion_gcs_dag to 2023-04-26 00:00:00+00:00
[2023-04-27 16:53:30,792] {processor.py:171} INFO - Processing /opt/airflow/dags/data_ingestion_gcs_dag.py took 0.902 seconds
[2023-04-27 16:54:00,887] {processor.py:163} INFO - Started process (PID=560) to work on /opt/airflow/dags/data_ingestion_gcs_dag.py
[2023-04-27 16:54:00,889] {processor.py:642} INFO - Processing file /opt/airflow/dags/data_ingestion_gcs_dag.py for tasks to queue
[2023-04-27 16:54:00,890] {logging_mixin.py:109} INFO - [2023-04-27 16:54:00,890] {dagbag.py:500} INFO - Filling up the DagBag from /opt/airflow/dags/data_ingestion_gcs_dag.py
[2023-04-27 16:54:01,799] {processor.py:654} INFO - DAG(s) dict_keys(['data_ingestion_gcs_dag']) retrieved from /opt/airflow/dags/data_ingestion_gcs_dag.py
[2023-04-27 16:54:01,812] {logging_mixin.py:109} INFO - [2023-04-27 16:54:01,811] {dag.py:2396} INFO - Sync 1 DAGs
[2023-04-27 16:54:01,837] {logging_mixin.py:109} INFO - [2023-04-27 16:54:01,837] {dag.py:2935} INFO - Setting next_dagrun for data_ingestion_gcs_dag to 2023-04-26 00:00:00+00:00
[2023-04-27 16:54:01,850] {processor.py:171} INFO - Processing /opt/airflow/dags/data_ingestion_gcs_dag.py took 0.967 seconds
[2023-04-27 16:54:31,946] {processor.py:163} INFO - Started process (PID=598) to work on /opt/airflow/dags/data_ingestion_gcs_dag.py
[2023-04-27 16:54:31,948] {processor.py:642} INFO - Processing file /opt/airflow/dags/data_ingestion_gcs_dag.py for tasks to queue
[2023-04-27 16:54:31,949] {logging_mixin.py:109} INFO - [2023-04-27 16:54:31,949] {dagbag.py:500} INFO - Filling up the DagBag from /opt/airflow/dags/data_ingestion_gcs_dag.py
[2023-04-27 16:54:32,827] {processor.py:654} INFO - DAG(s) dict_keys(['data_ingestion_gcs_dag']) retrieved from /opt/airflow/dags/data_ingestion_gcs_dag.py
[2023-04-27 16:54:32,836] {logging_mixin.py:109} INFO - [2023-04-27 16:54:32,836] {dag.py:2396} INFO - Sync 1 DAGs
[2023-04-27 16:54:32,853] {logging_mixin.py:109} INFO - [2023-04-27 16:54:32,853] {dag.py:2935} INFO - Setting next_dagrun for data_ingestion_gcs_dag to 2023-04-26 00:00:00+00:00
[2023-04-27 16:54:32,863] {processor.py:171} INFO - Processing /opt/airflow/dags/data_ingestion_gcs_dag.py took 0.922 seconds
[2023-04-27 16:55:02,940] {processor.py:163} INFO - Started process (PID=625) to work on /opt/airflow/dags/data_ingestion_gcs_dag.py
[2023-04-27 16:55:02,942] {processor.py:642} INFO - Processing file /opt/airflow/dags/data_ingestion_gcs_dag.py for tasks to queue
[2023-04-27 16:55:02,943] {logging_mixin.py:109} INFO - [2023-04-27 16:55:02,943] {dagbag.py:500} INFO - Filling up the DagBag from /opt/airflow/dags/data_ingestion_gcs_dag.py
[2023-04-27 16:55:03,814] {processor.py:654} INFO - DAG(s) dict_keys(['data_ingestion_gcs_dag']) retrieved from /opt/airflow/dags/data_ingestion_gcs_dag.py
[2023-04-27 16:55:03,823] {logging_mixin.py:109} INFO - [2023-04-27 16:55:03,823] {dag.py:2396} INFO - Sync 1 DAGs
[2023-04-27 16:55:03,849] {processor.py:171} INFO - Processing /opt/airflow/dags/data_ingestion_gcs_dag.py took 0.914 seconds
[2023-04-27 16:55:33,937] {processor.py:163} INFO - Started process (PID=661) to work on /opt/airflow/dags/data_ingestion_gcs_dag.py
[2023-04-27 16:55:33,940] {processor.py:642} INFO - Processing file /opt/airflow/dags/data_ingestion_gcs_dag.py for tasks to queue
[2023-04-27 16:55:33,941] {logging_mixin.py:109} INFO - [2023-04-27 16:55:33,941] {dagbag.py:500} INFO - Filling up the DagBag from /opt/airflow/dags/data_ingestion_gcs_dag.py
[2023-04-27 16:55:34,999] {processor.py:654} INFO - DAG(s) dict_keys(['data_ingestion_gcs_dag']) retrieved from /opt/airflow/dags/data_ingestion_gcs_dag.py
[2023-04-27 16:55:35,008] {logging_mixin.py:109} INFO - [2023-04-27 16:55:35,008] {dag.py:2396} INFO - Sync 1 DAGs
[2023-04-27 16:55:35,033] {processor.py:171} INFO - Processing /opt/airflow/dags/data_ingestion_gcs_dag.py took 1.101 seconds
[2023-04-27 16:56:05,111] {processor.py:163} INFO - Started process (PID=688) to work on /opt/airflow/dags/data_ingestion_gcs_dag.py
[2023-04-27 16:56:05,114] {processor.py:642} INFO - Processing file /opt/airflow/dags/data_ingestion_gcs_dag.py for tasks to queue
[2023-04-27 16:56:05,115] {logging_mixin.py:109} INFO - [2023-04-27 16:56:05,114] {dagbag.py:500} INFO - Filling up the DagBag from /opt/airflow/dags/data_ingestion_gcs_dag.py
[2023-04-27 16:56:05,972] {processor.py:654} INFO - DAG(s) dict_keys(['data_ingestion_gcs_dag']) retrieved from /opt/airflow/dags/data_ingestion_gcs_dag.py
[2023-04-27 16:56:05,982] {logging_mixin.py:109} INFO - [2023-04-27 16:56:05,981] {dag.py:2396} INFO - Sync 1 DAGs
[2023-04-27 16:56:06,008] {processor.py:171} INFO - Processing /opt/airflow/dags/data_ingestion_gcs_dag.py took 0.902 seconds
[2023-04-27 16:56:36,146] {processor.py:163} INFO - Started process (PID=725) to work on /opt/airflow/dags/data_ingestion_gcs_dag.py
[2023-04-27 16:56:36,148] {processor.py:642} INFO - Processing file /opt/airflow/dags/data_ingestion_gcs_dag.py for tasks to queue
[2023-04-27 16:56:36,149] {logging_mixin.py:109} INFO - [2023-04-27 16:56:36,149] {dagbag.py:500} INFO - Filling up the DagBag from /opt/airflow/dags/data_ingestion_gcs_dag.py
[2023-04-27 16:56:37,029] {processor.py:654} INFO - DAG(s) dict_keys(['data_ingestion_gcs_dag']) retrieved from /opt/airflow/dags/data_ingestion_gcs_dag.py
[2023-04-27 16:56:37,039] {logging_mixin.py:109} INFO - [2023-04-27 16:56:37,039] {dag.py:2396} INFO - Sync 1 DAGs
[2023-04-27 16:56:37,066] {processor.py:171} INFO - Processing /opt/airflow/dags/data_ingestion_gcs_dag.py took 0.925 seconds
[2023-04-27 16:57:07,170] {processor.py:163} INFO - Started process (PID=752) to work on /opt/airflow/dags/data_ingestion_gcs_dag.py
[2023-04-27 16:57:07,172] {processor.py:642} INFO - Processing file /opt/airflow/dags/data_ingestion_gcs_dag.py for tasks to queue
[2023-04-27 16:57:07,173] {logging_mixin.py:109} INFO - [2023-04-27 16:57:07,173] {dagbag.py:500} INFO - Filling up the DagBag from /opt/airflow/dags/data_ingestion_gcs_dag.py
[2023-04-27 16:57:08,039] {processor.py:654} INFO - DAG(s) dict_keys(['data_ingestion_gcs_dag']) retrieved from /opt/airflow/dags/data_ingestion_gcs_dag.py
[2023-04-27 16:57:08,049] {logging_mixin.py:109} INFO - [2023-04-27 16:57:08,048] {dag.py:2396} INFO - Sync 1 DAGs
[2023-04-27 16:57:08,073] {processor.py:171} INFO - Processing /opt/airflow/dags/data_ingestion_gcs_dag.py took 0.907 seconds
[2023-04-27 16:57:38,169] {processor.py:163} INFO - Started process (PID=788) to work on /opt/airflow/dags/data_ingestion_gcs_dag.py
[2023-04-27 16:57:38,171] {processor.py:642} INFO - Processing file /opt/airflow/dags/data_ingestion_gcs_dag.py for tasks to queue
[2023-04-27 16:57:38,173] {logging_mixin.py:109} INFO - [2023-04-27 16:57:38,173] {dagbag.py:500} INFO - Filling up the DagBag from /opt/airflow/dags/data_ingestion_gcs_dag.py
[2023-04-27 16:57:39,100] {processor.py:654} INFO - DAG(s) dict_keys(['data_ingestion_gcs_dag']) retrieved from /opt/airflow/dags/data_ingestion_gcs_dag.py
[2023-04-27 16:57:39,109] {logging_mixin.py:109} INFO - [2023-04-27 16:57:39,109] {dag.py:2396} INFO - Sync 1 DAGs
[2023-04-27 16:57:39,134] {processor.py:171} INFO - Processing /opt/airflow/dags/data_ingestion_gcs_dag.py took 0.970 seconds
[2023-04-27 16:58:09,229] {processor.py:163} INFO - Started process (PID=814) to work on /opt/airflow/dags/data_ingestion_gcs_dag.py
[2023-04-27 16:58:09,237] {processor.py:642} INFO - Processing file /opt/airflow/dags/data_ingestion_gcs_dag.py for tasks to queue
[2023-04-27 16:58:09,238] {logging_mixin.py:109} INFO - [2023-04-27 16:58:09,238] {dagbag.py:500} INFO - Filling up the DagBag from /opt/airflow/dags/data_ingestion_gcs_dag.py
[2023-04-27 16:58:10,103] {processor.py:654} INFO - DAG(s) dict_keys(['data_ingestion_gcs_dag']) retrieved from /opt/airflow/dags/data_ingestion_gcs_dag.py
[2023-04-27 16:58:10,113] {logging_mixin.py:109} INFO - [2023-04-27 16:58:10,113] {dag.py:2396} INFO - Sync 1 DAGs
[2023-04-27 16:58:10,138] {processor.py:171} INFO - Processing /opt/airflow/dags/data_ingestion_gcs_dag.py took 0.913 seconds
[2023-04-27 16:58:40,224] {processor.py:163} INFO - Started process (PID=850) to work on /opt/airflow/dags/data_ingestion_gcs_dag.py
[2023-04-27 16:58:40,226] {processor.py:642} INFO - Processing file /opt/airflow/dags/data_ingestion_gcs_dag.py for tasks to queue
[2023-04-27 16:58:40,227] {logging_mixin.py:109} INFO - [2023-04-27 16:58:40,227] {dagbag.py:500} INFO - Filling up the DagBag from /opt/airflow/dags/data_ingestion_gcs_dag.py
[2023-04-27 16:58:41,123] {processor.py:654} INFO - DAG(s) dict_keys(['data_ingestion_gcs_dag']) retrieved from /opt/airflow/dags/data_ingestion_gcs_dag.py
[2023-04-27 16:58:41,133] {logging_mixin.py:109} INFO - [2023-04-27 16:58:41,132] {dag.py:2396} INFO - Sync 1 DAGs
[2023-04-27 16:58:41,158] {processor.py:171} INFO - Processing /opt/airflow/dags/data_ingestion_gcs_dag.py took 0.939 seconds
[2023-04-27 16:59:11,244] {processor.py:163} INFO - Started process (PID=877) to work on /opt/airflow/dags/data_ingestion_gcs_dag.py
[2023-04-27 16:59:11,247] {processor.py:642} INFO - Processing file /opt/airflow/dags/data_ingestion_gcs_dag.py for tasks to queue
[2023-04-27 16:59:11,247] {logging_mixin.py:109} INFO - [2023-04-27 16:59:11,247] {dagbag.py:500} INFO - Filling up the DagBag from /opt/airflow/dags/data_ingestion_gcs_dag.py
[2023-04-27 16:59:12,095] {processor.py:654} INFO - DAG(s) dict_keys(['data_ingestion_gcs_dag']) retrieved from /opt/airflow/dags/data_ingestion_gcs_dag.py
[2023-04-27 16:59:12,104] {logging_mixin.py:109} INFO - [2023-04-27 16:59:12,103] {dag.py:2396} INFO - Sync 1 DAGs
[2023-04-27 16:59:12,127] {processor.py:171} INFO - Processing /opt/airflow/dags/data_ingestion_gcs_dag.py took 0.887 seconds
[2023-04-27 16:59:42,205] {processor.py:163} INFO - Started process (PID=904) to work on /opt/airflow/dags/data_ingestion_gcs_dag.py
[2023-04-27 16:59:42,207] {processor.py:642} INFO - Processing file /opt/airflow/dags/data_ingestion_gcs_dag.py for tasks to queue
[2023-04-27 16:59:42,208] {logging_mixin.py:109} INFO - [2023-04-27 16:59:42,207] {dagbag.py:500} INFO - Filling up the DagBag from /opt/airflow/dags/data_ingestion_gcs_dag.py
[2023-04-27 16:59:43,112] {processor.py:654} INFO - DAG(s) dict_keys(['data_ingestion_gcs_dag']) retrieved from /opt/airflow/dags/data_ingestion_gcs_dag.py
[2023-04-27 16:59:43,121] {logging_mixin.py:109} INFO - [2023-04-27 16:59:43,121] {dag.py:2396} INFO - Sync 1 DAGs
[2023-04-27 16:59:43,145] {processor.py:171} INFO - Processing /opt/airflow/dags/data_ingestion_gcs_dag.py took 0.945 seconds
[2023-04-27 17:00:13,237] {processor.py:163} INFO - Started process (PID=940) to work on /opt/airflow/dags/data_ingestion_gcs_dag.py
[2023-04-27 17:00:13,239] {processor.py:642} INFO - Processing file /opt/airflow/dags/data_ingestion_gcs_dag.py for tasks to queue
[2023-04-27 17:00:13,240] {logging_mixin.py:109} INFO - [2023-04-27 17:00:13,240] {dagbag.py:500} INFO - Filling up the DagBag from /opt/airflow/dags/data_ingestion_gcs_dag.py
[2023-04-27 17:00:14,119] {processor.py:654} INFO - DAG(s) dict_keys(['data_ingestion_gcs_dag']) retrieved from /opt/airflow/dags/data_ingestion_gcs_dag.py
[2023-04-27 17:00:14,129] {logging_mixin.py:109} INFO - [2023-04-27 17:00:14,129] {dag.py:2396} INFO - Sync 1 DAGs
[2023-04-27 17:00:14,154] {processor.py:171} INFO - Processing /opt/airflow/dags/data_ingestion_gcs_dag.py took 0.921 seconds
[2023-04-27 17:00:44,232] {processor.py:163} INFO - Started process (PID=967) to work on /opt/airflow/dags/data_ingestion_gcs_dag.py
[2023-04-27 17:00:44,234] {processor.py:642} INFO - Processing file /opt/airflow/dags/data_ingestion_gcs_dag.py for tasks to queue
[2023-04-27 17:00:44,235] {logging_mixin.py:109} INFO - [2023-04-27 17:00:44,235] {dagbag.py:500} INFO - Filling up the DagBag from /opt/airflow/dags/data_ingestion_gcs_dag.py
[2023-04-27 17:00:45,091] {processor.py:654} INFO - DAG(s) dict_keys(['data_ingestion_gcs_dag']) retrieved from /opt/airflow/dags/data_ingestion_gcs_dag.py
[2023-04-27 17:00:45,100] {logging_mixin.py:109} INFO - [2023-04-27 17:00:45,100] {dag.py:2396} INFO - Sync 1 DAGs
[2023-04-27 17:00:45,126] {processor.py:171} INFO - Processing /opt/airflow/dags/data_ingestion_gcs_dag.py took 0.899 seconds
[2023-04-27 17:01:15,203] {processor.py:163} INFO - Started process (PID=1003) to work on /opt/airflow/dags/data_ingestion_gcs_dag.py
[2023-04-27 17:01:15,205] {processor.py:642} INFO - Processing file /opt/airflow/dags/data_ingestion_gcs_dag.py for tasks to queue
[2023-04-27 17:01:15,206] {logging_mixin.py:109} INFO - [2023-04-27 17:01:15,206] {dagbag.py:500} INFO - Filling up the DagBag from /opt/airflow/dags/data_ingestion_gcs_dag.py
[2023-04-27 17:01:16,077] {processor.py:654} INFO - DAG(s) dict_keys(['data_ingestion_gcs_dag']) retrieved from /opt/airflow/dags/data_ingestion_gcs_dag.py
[2023-04-27 17:01:16,087] {logging_mixin.py:109} INFO - [2023-04-27 17:01:16,087] {dag.py:2396} INFO - Sync 1 DAGs
[2023-04-27 17:01:16,116] {processor.py:171} INFO - Processing /opt/airflow/dags/data_ingestion_gcs_dag.py took 0.918 seconds
[2023-04-27 17:01:46,193] {processor.py:163} INFO - Started process (PID=1030) to work on /opt/airflow/dags/data_ingestion_gcs_dag.py
[2023-04-27 17:01:46,196] {processor.py:642} INFO - Processing file /opt/airflow/dags/data_ingestion_gcs_dag.py for tasks to queue
[2023-04-27 17:01:46,196] {logging_mixin.py:109} INFO - [2023-04-27 17:01:46,196] {dagbag.py:500} INFO - Filling up the DagBag from /opt/airflow/dags/data_ingestion_gcs_dag.py
[2023-04-27 17:01:47,077] {processor.py:654} INFO - DAG(s) dict_keys(['data_ingestion_gcs_dag']) retrieved from /opt/airflow/dags/data_ingestion_gcs_dag.py
[2023-04-27 17:01:47,086] {logging_mixin.py:109} INFO - [2023-04-27 17:01:47,086] {dag.py:2396} INFO - Sync 1 DAGs
[2023-04-27 17:01:47,111] {processor.py:171} INFO - Processing /opt/airflow/dags/data_ingestion_gcs_dag.py took 0.922 seconds
[2023-04-27 17:02:17,189] {processor.py:163} INFO - Started process (PID=1066) to work on /opt/airflow/dags/data_ingestion_gcs_dag.py
[2023-04-27 17:02:17,191] {processor.py:642} INFO - Processing file /opt/airflow/dags/data_ingestion_gcs_dag.py for tasks to queue
[2023-04-27 17:02:17,192] {logging_mixin.py:109} INFO - [2023-04-27 17:02:17,191] {dagbag.py:500} INFO - Filling up the DagBag from /opt/airflow/dags/data_ingestion_gcs_dag.py
[2023-04-27 17:02:18,068] {processor.py:654} INFO - DAG(s) dict_keys(['data_ingestion_gcs_dag']) retrieved from /opt/airflow/dags/data_ingestion_gcs_dag.py
[2023-04-27 17:02:18,077] {logging_mixin.py:109} INFO - [2023-04-27 17:02:18,077] {dag.py:2396} INFO - Sync 1 DAGs
[2023-04-27 17:02:18,103] {processor.py:171} INFO - Processing /opt/airflow/dags/data_ingestion_gcs_dag.py took 0.919 seconds
[2023-04-27 17:02:48,206] {processor.py:163} INFO - Started process (PID=1093) to work on /opt/airflow/dags/data_ingestion_gcs_dag.py
[2023-04-27 17:02:48,209] {processor.py:642} INFO - Processing file /opt/airflow/dags/data_ingestion_gcs_dag.py for tasks to queue
[2023-04-27 17:02:48,210] {logging_mixin.py:109} INFO - [2023-04-27 17:02:48,209] {dagbag.py:500} INFO - Filling up the DagBag from /opt/airflow/dags/data_ingestion_gcs_dag.py
[2023-04-27 17:02:49,111] {processor.py:654} INFO - DAG(s) dict_keys(['data_ingestion_gcs_dag']) retrieved from /opt/airflow/dags/data_ingestion_gcs_dag.py
[2023-04-27 17:02:49,120] {logging_mixin.py:109} INFO - [2023-04-27 17:02:49,120] {dag.py:2396} INFO - Sync 1 DAGs
[2023-04-27 17:02:49,147] {processor.py:171} INFO - Processing /opt/airflow/dags/data_ingestion_gcs_dag.py took 0.945 seconds
[2023-04-27 17:03:19,252] {processor.py:163} INFO - Started process (PID=1129) to work on /opt/airflow/dags/data_ingestion_gcs_dag.py
[2023-04-27 17:03:19,256] {processor.py:642} INFO - Processing file /opt/airflow/dags/data_ingestion_gcs_dag.py for tasks to queue
[2023-04-27 17:03:19,257] {logging_mixin.py:109} INFO - [2023-04-27 17:03:19,257] {dagbag.py:500} INFO - Filling up the DagBag from /opt/airflow/dags/data_ingestion_gcs_dag.py
[2023-04-27 17:03:20,194] {processor.py:654} INFO - DAG(s) dict_keys(['data_ingestion_gcs_dag']) retrieved from /opt/airflow/dags/data_ingestion_gcs_dag.py
[2023-04-27 17:03:20,204] {logging_mixin.py:109} INFO - [2023-04-27 17:03:20,203] {dag.py:2396} INFO - Sync 1 DAGs
[2023-04-27 17:03:20,232] {processor.py:171} INFO - Processing /opt/airflow/dags/data_ingestion_gcs_dag.py took 0.984 seconds
[2023-04-27 17:03:50,354] {processor.py:163} INFO - Started process (PID=1156) to work on /opt/airflow/dags/data_ingestion_gcs_dag.py
[2023-04-27 17:03:50,357] {processor.py:642} INFO - Processing file /opt/airflow/dags/data_ingestion_gcs_dag.py for tasks to queue
[2023-04-27 17:03:50,358] {logging_mixin.py:109} INFO - [2023-04-27 17:03:50,358] {dagbag.py:500} INFO - Filling up the DagBag from /opt/airflow/dags/data_ingestion_gcs_dag.py
[2023-04-27 17:03:51,255] {processor.py:654} INFO - DAG(s) dict_keys(['data_ingestion_gcs_dag']) retrieved from /opt/airflow/dags/data_ingestion_gcs_dag.py
[2023-04-27 17:03:51,265] {logging_mixin.py:109} INFO - [2023-04-27 17:03:51,265] {dag.py:2396} INFO - Sync 1 DAGs
[2023-04-27 17:03:51,294] {processor.py:171} INFO - Processing /opt/airflow/dags/data_ingestion_gcs_dag.py took 0.944 seconds
[2023-04-27 17:04:21,401] {processor.py:163} INFO - Started process (PID=1192) to work on /opt/airflow/dags/data_ingestion_gcs_dag.py
[2023-04-27 17:04:21,404] {processor.py:642} INFO - Processing file /opt/airflow/dags/data_ingestion_gcs_dag.py for tasks to queue
[2023-04-27 17:04:21,405] {logging_mixin.py:109} INFO - [2023-04-27 17:04:21,405] {dagbag.py:500} INFO - Filling up the DagBag from /opt/airflow/dags/data_ingestion_gcs_dag.py
[2023-04-27 17:04:22,335] {processor.py:654} INFO - DAG(s) dict_keys(['data_ingestion_gcs_dag']) retrieved from /opt/airflow/dags/data_ingestion_gcs_dag.py
[2023-04-27 17:04:22,350] {logging_mixin.py:109} INFO - [2023-04-27 17:04:22,349] {dag.py:2396} INFO - Sync 1 DAGs
[2023-04-27 17:04:22,384] {processor.py:171} INFO - Processing /opt/airflow/dags/data_ingestion_gcs_dag.py took 0.988 seconds
[2023-04-27 17:04:52,507] {processor.py:163} INFO - Started process (PID=1220) to work on /opt/airflow/dags/data_ingestion_gcs_dag.py
[2023-04-27 17:04:52,510] {processor.py:642} INFO - Processing file /opt/airflow/dags/data_ingestion_gcs_dag.py for tasks to queue
[2023-04-27 17:04:52,511] {logging_mixin.py:109} INFO - [2023-04-27 17:04:52,511] {dagbag.py:500} INFO - Filling up the DagBag from /opt/airflow/dags/data_ingestion_gcs_dag.py
[2023-04-27 17:04:53,390] {processor.py:654} INFO - DAG(s) dict_keys(['data_ingestion_gcs_dag']) retrieved from /opt/airflow/dags/data_ingestion_gcs_dag.py
[2023-04-27 17:04:53,401] {logging_mixin.py:109} INFO - [2023-04-27 17:04:53,401] {dag.py:2396} INFO - Sync 1 DAGs
[2023-04-27 17:04:53,426] {processor.py:171} INFO - Processing /opt/airflow/dags/data_ingestion_gcs_dag.py took 0.924 seconds
